> Task :app:preBuild UP-TO-DATE
> Task :app:preDebugBuild UP-TO-DATE
> Task :app:mergeDebugNativeDebugMetadata NO-SOURCE
> Task :app:checkKotlinGradlePluginConfigurationErrors
> Task :app:dataBindingMergeDependencyArtifactsDebug UP-TO-DATE
> Task :app:generateDebugResValues UP-TO-DATE
> Task :app:generateDebugResources UP-TO-DATE
> Task :app:mergeDebugResources UP-TO-DATE
> Task :app:packageDebugResources UP-TO-DATE
> Task :app:parseDebugLocalResources UP-TO-DATE
> Task :app:dataBindingGenBaseClassesDebug UP-TO-DATE
> Task :app:checkDebugAarMetadata UP-TO-DATE
> Task :app:mapDebugSourceSetPaths UP-TO-DATE
> Task :app:createDebugCompatibleScreenManifests UP-TO-DATE
> Task :app:extractDeepLinksDebug UP-TO-DATE

> Task :app:processDebugMainManifest
package="com.example.translator" found in source AndroidManifest.xml: /workspaces/translate-app-1/app/src/main/AndroidManifest.xml.
Setting the namespace via the package attribute in the source AndroidManifest.xml is no longer supported, and the value is ignored.
Recommendation: remove package="com.example.translator" from the source AndroidManifest.xml: /workspaces/translate-app-1/app/src/main/AndroidManifest.xml.

> Task :app:processDebugManifest
> Task :app:javaPreCompileDebug UP-TO-DATE
> Task :app:mergeDebugShaders UP-TO-DATE
> Task :app:compileDebugShaders NO-SOURCE
> Task :app:generateDebugAssets UP-TO-DATE
> Task :app:mergeDebugAssets UP-TO-DATE
> Task :app:compressDebugAssets UP-TO-DATE
> Task :app:desugarDebugFileDependencies UP-TO-DATE
> Task :app:checkDebugDuplicateClasses UP-TO-DATE
> Task :app:processDebugManifestForPackage
> Task :app:mergeExtDexDebug
> Task :app:mergeLibDexDebug
> Task :app:mergeDebugJniLibFolders
> Task :app:mergeDebugNativeLibs
> Task :app:processDebugResources

> Task :app:stripDebugDebugSymbols
Unable to strip the following libraries, packaging them as they are: liblanguage_id_l2c_jni.so, libmlkit_google_ocr_pipeline.so, libtranslate_jni.so.

> Task :app:validateSigningDebug
> Task :app:writeDebugAppMetadata
> Task :app:writeDebugSigningConfigVersions

> Task :app:compileDebugKotlin
w: file:///workspaces/translate-app-1/app/src/main/java/com/example/translator/ScreenCaptureService.kt:65:23 'getter for defaultDisplay: Display!' is deprecated. Deprecated in Java
w: file:///workspaces/translate-app-1/app/src/main/java/com/example/translator/ScreenCaptureService.kt:65:38 'getRealMetrics(DisplayMetrics!): Unit' is deprecated. Deprecated in Java
w: file:///workspaces/translate-app-1/app/src/main/java/com/example/translator/ScreenCaptureService.kt:76:28 'getParcelableExtra(String!): T?' is deprecated. Deprecated in Java
w: file:///workspaces/translate-app-1/app/src/main/java/com/example/translator/ScreenCaptureService.kt:133:44 'TYPE_PHONE: Int' is deprecated. Deprecated in Java

> Task :app:compileDebugJavaWithJavac
> Task :app:dexBuilderDebug
> Task :app:mergeDebugGlobalSynthetics
> Task :app:processDebugJavaRes
> Task :app:mergeProjectDexDebug
> Task :app:mergeDebugJavaResource
> Task :app:packageDebug
> Task :app:createDebugApkListingFileRedirect
> Task :app:assembleDebug

BUILD SUCCESSFUL in 1m 58s
38 actionable tasks: 22 executed, 16 up-to-date
